This is pdfTeX, Version 3.141592653-2.6-1.40.26 (MiKTeX 24.4) (preloaded format=pdflatex 2024.5.7)  27 MAY 2024 17:51
entering extended mode
 restricted \write18 enabled.
 file:line:error style messages enabled.
 %&-line parsing enabled.
**c:/Users/gchir/OneDrive/Desktop/cv/CurriculumVitae/main.tex
(c:/Users/gchir/OneDrive/Desktop/cv/CurriculumVitae/main.tex
LaTeX2e <2023-11-01> patch level 1
L3 programming layer <2024-04-11>
(C:\Users\gchir\AppData\Local\Programs\MiKTeX\tex/latex/base\letter.cls
Document Class: letter 2021/12/07 v1.3c Standard LaTeX document class
(C:\Users\gchir\AppData\Local\Programs\MiKTeX\tex/latex/base\size10.clo
File: size10.clo 2023/05/17 v1.4n Standard LaTeX file (size option)
)
\longindentation=\dimen140
\indentedwidth=\dimen141
\labelcount=\count189
) (C:\Users\gchir\AppData\Local\Programs\MiKTeX\tex/latex/pdfpages\pdfpages.sty
Package: pdfpages 2024/01/21 v0.5y Insert pages of external PDF documents (AM)
 (C:\Users\gchir\AppData\Local\Programs\MiKTeX\tex/latex/base\ifthen.sty
Package: ifthen 2022/04/13 v1.1d Standard LaTeX ifthen package (DPC)
) (C:\Users\gchir\AppData\Local\Programs\MiKTeX\tex/latex/tools\calc.sty
Package: calc 2023/07/08 v4.3 Infix arithmetic (KKT,FJ)
\calc@Acount=\count190
\calc@Bcount=\count191
\calc@Adimen=\dimen142
\calc@Bdimen=\dimen143
\calc@Askip=\skip48
\calc@Bskip=\skip49
LaTeX Info: Redefining \setlength on input line 80.
LaTeX Info: Redefining \addtolength on input line 81.
\calc@Ccount=\count192
\calc@Cskip=\skip50
) (C:\Users\gchir\AppData\Local\Programs\MiKTeX\tex/latex/eso-pic\eso-pic.sty
Package: eso-pic 2023/05/03 v3.0c eso-pic (RN)
\ESO@tempdima=\dimen144
\ESO@tempdimb=\dimen145
 (C:\Users\gchir\AppData\Local\Programs\MiKTeX\tex/latex/graphics\keyval.sty
Package: keyval 2022/05/29 v1.15 key=value parser (DPC)
\KV@toks@=\toks17
) (C:\Users\gchir\AppData\Local\Programs\MiKTeX\tex/latex/xcolor\xcolor.sty
Package: xcolor 2023/11/15 v3.01 LaTeX color extensions (UK)
 (C:\Users\gchir\AppData\Local\Programs\MiKTeX\tex/latex/graphics-cfg\color.cfg
File: color.cfg 2016/01/02 v1.6 sample color configuration
)
Package xcolor Info: Driver file: pdftex.def on input line 274.
 (C:\Users\gchir\AppData\Local\Programs\MiKTeX\tex/latex/graphics-def\pdftex.def
File: pdftex.def 2024/04/13 v1.2c Graphics/color driver for pdftex
) (C:\Users\gchir\AppData\Local\Programs\MiKTeX\tex/latex/graphics\mathcolor.ltx)
Package xcolor Info: Model `cmy' substituted by `cmy0' on input line 1350.
Package xcolor Info: Model `hsb' substituted by `rgb' on input line 1354.
Package xcolor Info: Model `RGB' extended on input line 1366.
Package xcolor Info: Model `HTML' substituted by `rgb' on input line 1368.
Package xcolor Info: Model `Hsb' substituted by `hsb' on input line 1369.
Package xcolor Info: Model `tHsb' substituted by `hsb' on input line 1370.
Package xcolor Info: Model `HSB' substituted by `hsb' on input line 1371.
Package xcolor Info: Model `Gray' substituted by `gray' on input line 1372.
Package xcolor Info: Model `wave' substituted by `hsb' on input line 1373.
)) (C:\Users\gchir\AppData\Local\Programs\MiKTeX\tex/latex/graphics\graphicx.sty
Package: graphicx 2021/09/16 v1.2d Enhanced LaTeX Graphics (DPC,SPQR)
 (C:\Users\gchir\AppData\Local\Programs\MiKTeX\tex/latex/graphics\graphics.sty
Package: graphics 2022/03/10 v1.4e Standard LaTeX Graphics (DPC,SPQR)
 (C:\Users\gchir\AppData\Local\Programs\MiKTeX\tex/latex/graphics\trig.sty
Package: trig 2021/08/11 v1.11 sin cos tan (DPC)
) (C:\Users\gchir\AppData\Local\Programs\MiKTeX\tex/latex/graphics-cfg\graphics.cfg
File: graphics.cfg 2016/06/04 v1.11 sample graphics configuration
)
Package graphics Info: Driver file: pdftex.def on input line 107.
)
\Gin@req@height=\dimen146
\Gin@req@width=\dimen147
)
\AM@pagewidth=\dimen148
\AM@pageheight=\dimen149
\AM@fboxrule=\dimen150
 (C:\Users\gchir\AppData\Local\Programs\MiKTeX\tex/latex/pdfpages\pppdftex.def
File: pppdftex.def 2024/01/21 v0.5y Pdfpages driver for pdfTeX (AM)
)
\pdfpages@includegraphics@status=\count193
\AM@pagebox=\box51
\AM@global@opts=\toks18
\AM@pagecnt=\count194
\AM@toc@title=\toks19
\AM@lof@heading=\toks20
\c@AM@survey=\count195
\AM@templatesizebox=\box52
) (C:\Users\gchir\AppData\Local\Programs\MiKTeX\tex/latex/l3backend\l3backend-pdftex.def
File: l3backend-pdftex.def 2024-04-11 L3 backend support: PDF output (pdfTeX)
\l__color_backend_stack_int=\count196
\l__pdf_internal_box=\box53
) (main.aux)
\openout1 = `main.aux'.

LaTeX Font Info:    Checking defaults for OML/cmm/m/it on input line 4.
LaTeX Font Info:    ... okay on input line 4.
LaTeX Font Info:    Checking defaults for OMS/cmsy/m/n on input line 4.
LaTeX Font Info:    ... okay on input line 4.
LaTeX Font Info:    Checking defaults for OT1/cmr/m/n on input line 4.
LaTeX Font Info:    ... okay on input line 4.
LaTeX Font Info:    Checking defaults for T1/cmr/m/n on input line 4.
LaTeX Font Info:    ... okay on input line 4.
LaTeX Font Info:    Checking defaults for TS1/cmr/m/n on input line 4.
LaTeX Font Info:    ... okay on input line 4.
LaTeX Font Info:    Checking defaults for OMX/cmex/m/n on input line 4.
LaTeX Font Info:    ... okay on input line 4.
LaTeX Font Info:    Checking defaults for U/cmr/m/n on input line 4.
LaTeX Font Info:    ... okay on input line 4.
 (C:\Users\gchir\AppData\Local\Programs\MiKTeX\tex/context/base/mkii\supp-pdf.mkii
[Loading MPS to PDF converter (version 2006.09.02).]
\scratchcounter=\count197
\scratchdimen=\dimen151
\scratchbox=\box54
\nofMPsegments=\count198
\nofMParguments=\count199
\everyMPshowfont=\toks21
\MPscratchCnt=\count266
\MPscratchDim=\dimen152
\MPnumerator=\count267
\makeMPintoPDFobject=\count268
\everyMPtoPDFconversion=\toks22
) (C:\Users\gchir\AppData\Local\Programs\MiKTeX\tex/latex/epstopdf-pkg\epstopdf-base.sty
Package: epstopdf-base 2020-01-24 v2.11 Base part for package epstopdf
Package epstopdf-base Info: Redefining graphics rule for `.eps' on input line 485.
 (C:\Users\gchir\AppData\Local\Programs\MiKTeX\tex/latex/00miktex\epstopdf-sys.cfg
File: epstopdf-sys.cfg 2021/03/18 v2.0 Configuration of epstopdf for MiKTeX
)) (C:\Users\gchir\AppData\Local\Programs\MiKTeX\tex/latex/pdflscape\pdflscape.sty
Package: pdflscape 2022-10-27 v0.13 Display of landscape pages in PDF
 (C:\Users\gchir\AppData\Local\Programs\MiKTeX\tex/latex/pdflscape\pdflscape-nometadata.sty
Package: pdflscape-nometadata 2022-10-28 v0.13 Display of landscape pages in PDF (HO)
 (C:\Users\gchir\AppData\Local\Programs\MiKTeX\tex/generic/iftex\iftex.sty
Package: iftex 2022/02/03 v1.0f TeX engine tests
) (C:\Users\gchir\AppData\Local\Programs\MiKTeX\tex/latex/graphics\lscape.sty
Package: lscape 2020/05/28 v3.02 Landscape Pages (DPC)
)
Package pdflscape Info: Auto-detected driver: pdftex on input line 81.
))
<CV pagina 1/pag1.pdf, id=1, 597.50829pt x 845.0471pt>
File: CV pagina 1/pag1.pdf Graphic file (type pdf)
<use CV pagina 1/pag1.pdf>
Package pdftex.def Info: CV pagina 1/pag1.pdf  used on input line 5.
(pdftex.def)             Requested size: 597.50682pt x 845.04504pt.
File: CV pagina 1/pag1.pdf Graphic file (type pdf)
<use CV pagina 1/pag1.pdf>
Package pdftex.def Info: CV pagina 1/pag1.pdf  used on input line 5.
(pdftex.def)             Requested size: 597.50682pt x 845.04504pt.
<CV pagina 1/pag1.pdf, id=4, page=1, 597.50829pt x 845.0471pt>
File: CV pagina 1/pag1.pdf Graphic file (type pdf)
<use CV pagina 1/pag1.pdf, page 1>
Package pdftex.def Info: CV pagina 1/pag1.pdf , page1 used on input line 5.
(pdftex.def)             Requested size: 597.50682pt x 845.04504pt.
File: CV pagina 1/pag1.pdf Graphic file (type pdf)
<use CV pagina 1/pag1.pdf, page 1>
Package pdftex.def Info: CV pagina 1/pag1.pdf , page1 used on input line 5.
(pdftex.def)             Requested size: 597.53416pt x 845.08372pt.
File: CV pagina 1/pag1.pdf Graphic file (type pdf)
<use CV pagina 1/pag1.pdf, page 1>
Package pdftex.def Info: CV pagina 1/pag1.pdf , page1 used on input line 5.
(pdftex.def)             Requested size: 597.53416pt x 845.08372pt.
File: CV pagina 1/pag1.pdf Graphic file (type pdf)
<use CV pagina 1/pag1.pdf, page 1>
Package pdftex.def Info: CV pagina 1/pag1.pdf , page1 used on input line 5.
(pdftex.def)             Requested size: 597.53416pt x 845.08372pt.
File: CV pagina 1/pag1.pdf Graphic file (type pdf)
<use CV pagina 1/pag1.pdf, page 1>
Package pdftex.def Info: CV pagina 1/pag1.pdf , page1 used on input line 5.
(pdftex.def)             Requested size: 597.53416pt x 845.08372pt.
 [1


 <./CV pagina 1/pag1.pdf{C:/Users/gchir/AppData/Local/MiKTeX/fonts/map/pdftex/pdftex.map}>]
<CV pagina 2/pag2.pdf, id=52, 597.50829pt x 845.0471pt>
File: CV pagina 2/pag2.pdf Graphic file (type pdf)
<use CV pagina 2/pag2.pdf>
Package pdftex.def Info: CV pagina 2/pag2.pdf  used on input line 6.
(pdftex.def)             Requested size: 597.50682pt x 845.04504pt.
File: CV pagina 2/pag2.pdf Graphic file (type pdf)
<use CV pagina 2/pag2.pdf>
Package pdftex.def Info: CV pagina 2/pag2.pdf  used on input line 6.
(pdftex.def)             Requested size: 597.50682pt x 845.04504pt.
<CV pagina 2/pag2.pdf, id=55, page=1, 597.50829pt x 845.0471pt>
File: CV pagina 2/pag2.pdf Graphic file (type pdf)
<use CV pagina 2/pag2.pdf, page 1>
Package pdftex.def Info: CV pagina 2/pag2.pdf , page1 used on input line 6.
(pdftex.def)             Requested size: 597.50682pt x 845.04504pt.
File: CV pagina 2/pag2.pdf Graphic file (type pdf)
<use CV pagina 2/pag2.pdf, page 1>
Package pdftex.def Info: CV pagina 2/pag2.pdf , page1 used on input line 6.
(pdftex.def)             Requested size: 597.53416pt x 845.08372pt.
File: CV pagina 2/pag2.pdf Graphic file (type pdf)
<use CV pagina 2/pag2.pdf, page 1>
Package pdftex.def Info: CV pagina 2/pag2.pdf , page1 used on input line 6.
(pdftex.def)             Requested size: 597.53416pt x 845.08372pt.
File: CV pagina 2/pag2.pdf Graphic file (type pdf)
<use CV pagina 2/pag2.pdf, page 1>
Package pdftex.def Info: CV pagina 2/pag2.pdf , page1 used on input line 6.
(pdftex.def)             Requested size: 597.53416pt x 845.08372pt.
File: CV pagina 2/pag2.pdf Graphic file (type pdf)
<use CV pagina 2/pag2.pdf, page 1>
Package pdftex.def Info: CV pagina 2/pag2.pdf , page1 used on input line 6.
(pdftex.def)             Requested size: 597.53416pt x 845.08372pt.
 [2

 <./CV pagina 2/pag2.pdf>] (main.aux)
 ***********
LaTeX2e <2023-11-01> patch level 1
L3 programming layer <2024-04-11>
 ***********
 ) 
Here is how much of TeX's memory you used:
 2665 strings out of 474370
 44872 string characters out of 5740536
 1926754 words of memory out of 5000000
 25071 multiletter control sequences out of 15000+600000
 558069 words of font info for 36 fonts, out of 8000000 for 9000
 1141 hyphenation exceptions out of 8191
 72i,17n,79p,272b,426s stack positions out of 10000i,1000n,20000p,200000b,200000s
<C:/Users/gchir/AppData/Local/Programs/MiKTeX/fonts/type1/public/fontawesome5/FontAwesome5Brands-Regular.pfb><C:/Users/gchir/AppData/Local/Programs/MiKTeX/fonts/type1/public/fontawesome5/FontAwesome5Free-Solid.pfb><C:/Users/gchir/AppData/Local/Programs/MiKTeX/fonts/type1/urw/helvetic/uhvb8a.pfb><C:/Users/gchir/AppData/Local/Programs/MiKTeX/fonts/type1/urw/helvetic/uhvr8a.pfb><C:/Users/gchir/AppData/Local/Programs/MiKTeX/fonts/type1/urw/helvetic/uhvro8a.pfb>
Output written on main.pdf (2 pages, 857786 bytes).
PDF statistics:
 93 PDF objects out of 1000 (max. 8388607)
 0 named destinations out of 1000 (max. 500000)
 41 words of extra memory for PDF output out of 10000 (max. 10000000)

